Flow report for backscatterv1
Mon Aug 10 16:20:18 2020
Quartus Prime Version 20.1.0 Build 711 06/05/2020 SJ Lite Edition


---------------------
; Table of Contents ;
---------------------
  1. Legal Notice
  2. Flow Summary
  3. Flow Settings
  4. Flow Non-Default Global Settings
  5. Flow Elapsed Time
  6. Flow OS Summary
  7. Flow Log
  8. Flow Messages
  9. Flow Suppressed Messages



----------------
; Legal Notice ;
----------------
Copyright (C) 2020  Intel Corporation. All rights reserved.
Your use of Intel Corporation's design tools, logic functions 
and other software and tools, and any partner logic 
functions, and any output files from any of the foregoing 
(including device programming or simulation files), and any 
associated documentation or information are expressly subject 
to the terms and conditions of the Intel Program License 
Subscription Agreement, the Intel Quartus Prime License Agreement,
the Intel FPGA IP License Agreement, or other applicable license
agreement, including, without limitation, that your use is for
the sole purpose of programming logic devices manufactured by
Intel and sold by Intel or its authorized distributors.  Please
refer to the applicable agreement for further details, at
https://fpgasoftware.intel.com/eula.



+----------------------------------------------------------------------------------+
; Flow Summary                                                                     ;
+------------------------------------+---------------------------------------------+
; Flow Status                        ; Successful - Mon Aug 10 16:20:18 2020       ;
; Quartus Prime Version              ; 20.1.0 Build 711 06/05/2020 SJ Lite Edition ;
; Revision Name                      ; backscatterv1                               ;
; Top-level Entity Name              ; backscatterv1                               ;
; Family                             ; MAX 10                                      ;
; Device                             ; 10M02SCM153I7G                              ;
; Timing Models                      ; Final                                       ;
; Total logic elements               ; 766 / 2,304 ( 33 % )                        ;
;     Total combinational functions  ; 588 / 2,304 ( 26 % )                        ;
;     Dedicated logic registers      ; 569 / 2,304 ( 25 % )                        ;
; Total registers                    ; 569                                         ;
; Total pins                         ; 9 / 112 ( 8 % )                             ;
; Total virtual pins                 ; 0                                           ;
; Total memory bits                  ; 8,192 / 110,592 ( 7 % )                     ;
; Embedded Multiplier 9-bit elements ; 0 / 32 ( 0 % )                              ;
; Total PLLs                         ; 1 / 1 ( 100 % )                             ;
; UFM blocks                         ; 0 / 1 ( 0 % )                               ;
; ADC blocks                         ; 0                                           ;
+------------------------------------+---------------------------------------------+


+-----------------------------------------+
; Flow Settings                           ;
+-------------------+---------------------+
; Option            ; Setting             ;
+-------------------+---------------------+
; Start date & time ; 08/10/2020 16:18:49 ;
; Main task         ; Compilation         ;
; Revision Name     ; backscatterv1       ;
+-------------------+---------------------+


+-------------------------------------------------------------------------------------------------------------------------------------------------+
; Flow Non-Default Global Settings                                                                                                                ;
+-------------------------------------+----------------------------------------------------------+---------------+-------------+------------------+
; Assignment Name                     ; Value                                                    ; Default Value ; Entity Name ; Section Id       ;
+-------------------------------------+----------------------------------------------------------+---------------+-------------+------------------+
; COMPILER_SIGNATURE_ID               ; 27332940096592.159704752913624                           ; --            ; --          ; --               ;
; EDA_OUTPUT_DATA_FORMAT              ; Verilog Hdl                                              ; --            ; --          ; eda_simulation   ;
; EDA_SIMULATION_TOOL                 ; ModelSim (Verilog)                                       ; <None>        ; --          ; --               ;
; EDA_TIME_SCALE                      ; 1 ps                                                     ; --            ; --          ; eda_simulation   ;
; ENABLE_SIGNALTAP                    ; On                                                       ; --            ; --          ; --               ;
; FLOW_ENABLE_POWER_ANALYZER          ; On                                                       ; Off           ; --          ; --               ;
; MAX_CORE_JUNCTION_TEMP              ; 100                                                      ; --            ; --          ; --               ;
; MIN_CORE_JUNCTION_TEMP              ; -40                                                      ; --            ; --          ; --               ;
; MISC_FILE                           ; ppl.bsf                                                  ; --            ; --          ; --               ;
; MISC_FILE                           ; ppl_inst.v                                               ; --            ; --          ; --               ;
; MISC_FILE                           ; ppl_bb.v                                                 ; --            ; --          ; --               ;
; MISC_FILE                           ; ppl.ppf                                                  ; --            ; --          ; --               ;
; OUTPUT_IO_TIMING_FAR_END_VMEAS      ; Half Signal Swing                                        ; --            ; --          ; --               ;
; OUTPUT_IO_TIMING_FAR_END_VMEAS      ; Half Signal Swing                                        ; --            ; --          ; --               ;
; OUTPUT_IO_TIMING_NEAR_END_VMEAS     ; Half Vccio                                               ; --            ; --          ; --               ;
; OUTPUT_IO_TIMING_NEAR_END_VMEAS     ; Half Vccio                                               ; --            ; --          ; --               ;
; PARTITION_COLOR                     ; -- (Not supported for targeted family)                   ; --            ; --          ; Top              ;
; PARTITION_FITTER_PRESERVATION_LEVEL ; -- (Not supported for targeted family)                   ; --            ; --          ; Top              ;
; PARTITION_NETLIST_TYPE              ; -- (Not supported for targeted family)                   ; --            ; --          ; Top              ;
; POWER_BOARD_THERMAL_MODEL           ; None (CONSERVATIVE)                                      ; --            ; --          ; --               ;
; POWER_DEFAULT_INPUT_IO_TOGGLE_RATE  ; 12.5 %                                                   ; 12.5%         ; --          ; --               ;
; POWER_PRESET_COOLING_SOLUTION       ; 23 MM HEAT SINK WITH 200 LFPM AIRFLOW                    ; --            ; --          ; --               ;
; PROJECT_OUTPUT_DIRECTORY            ; output_files                                             ; --            ; --          ; --               ;
; SLD_FILE                            ; db/stp1_auto_stripped.stp                                ; --            ; --          ; --               ;
; SLD_NODE_CREATOR_ID                 ; 110                                                      ; --            ; --          ; auto_signaltap_0 ;
; SLD_NODE_ENTITY_NAME                ; sld_signaltap                                            ; --            ; --          ; auto_signaltap_0 ;
; SLD_NODE_PARAMETER_ASSIGNMENT       ; SLD_RAM_BLOCK_TYPE=AUTO                                  ; --            ; --          ; auto_signaltap_0 ;
; SLD_NODE_PARAMETER_ASSIGNMENT       ; SLD_DATA_BITS=4                                          ; --            ; --          ; auto_signaltap_0 ;
; SLD_NODE_PARAMETER_ASSIGNMENT       ; SLD_TRIGGER_BITS=4                                       ; --            ; --          ; auto_signaltap_0 ;
; SLD_NODE_PARAMETER_ASSIGNMENT       ; SLD_STORAGE_QUALIFIER_BITS=4                             ; --            ; --          ; auto_signaltap_0 ;
; SLD_NODE_PARAMETER_ASSIGNMENT       ; SLD_NODE_INFO=805334528                                  ; --            ; --          ; auto_signaltap_0 ;
; SLD_NODE_PARAMETER_ASSIGNMENT       ; SLD_POWER_UP_TRIGGER=0                                   ; --            ; --          ; auto_signaltap_0 ;
; SLD_NODE_PARAMETER_ASSIGNMENT       ; SLD_INVERSION_MASK=0000000000000000000000000000000000000 ; --            ; --          ; auto_signaltap_0 ;
; SLD_NODE_PARAMETER_ASSIGNMENT       ; SLD_INVERSION_MASK_LENGTH=37                             ; --            ; --          ; auto_signaltap_0 ;
; SLD_NODE_PARAMETER_ASSIGNMENT       ; SLD_STORAGE_QUALIFIER_INVERSION_MASK_LENGTH=0            ; --            ; --          ; auto_signaltap_0 ;
; SLD_NODE_PARAMETER_ASSIGNMENT       ; SLD_SEGMENT_SIZE=2048                                    ; --            ; --          ; auto_signaltap_0 ;
; SLD_NODE_PARAMETER_ASSIGNMENT       ; SLD_ATTRIBUTE_MEM_MODE=OFF                               ; --            ; --          ; auto_signaltap_0 ;
; SLD_NODE_PARAMETER_ASSIGNMENT       ; SLD_STATE_FLOW_USE_GENERATED=0                           ; --            ; --          ; auto_signaltap_0 ;
; SLD_NODE_PARAMETER_ASSIGNMENT       ; SLD_STATE_BITS=11                                        ; --            ; --          ; auto_signaltap_0 ;
; SLD_NODE_PARAMETER_ASSIGNMENT       ; SLD_BUFFER_FULL_STOP=1                                   ; --            ; --          ; auto_signaltap_0 ;
; SLD_NODE_PARAMETER_ASSIGNMENT       ; SLD_CURRENT_RESOURCE_WIDTH=1                             ; --            ; --          ; auto_signaltap_0 ;
; SLD_NODE_PARAMETER_ASSIGNMENT       ; SLD_INCREMENTAL_ROUTING=1                                ; --            ; --          ; auto_signaltap_0 ;
; SLD_NODE_PARAMETER_ASSIGNMENT       ; SLD_TRIGGER_LEVEL=1                                      ; --            ; --          ; auto_signaltap_0 ;
; SLD_NODE_PARAMETER_ASSIGNMENT       ; SLD_SAMPLE_DEPTH=2048                                    ; --            ; --          ; auto_signaltap_0 ;
; SLD_NODE_PARAMETER_ASSIGNMENT       ; SLD_TRIGGER_IN_ENABLED=0                                 ; --            ; --          ; auto_signaltap_0 ;
; SLD_NODE_PARAMETER_ASSIGNMENT       ; SLD_TRIGGER_PIPELINE=0                                   ; --            ; --          ; auto_signaltap_0 ;
; SLD_NODE_PARAMETER_ASSIGNMENT       ; SLD_RAM_PIPELINE=0                                       ; --            ; --          ; auto_signaltap_0 ;
; SLD_NODE_PARAMETER_ASSIGNMENT       ; SLD_COUNTER_PIPELINE=0                                   ; --            ; --          ; auto_signaltap_0 ;
; SLD_NODE_PARAMETER_ASSIGNMENT       ; SLD_ADVANCED_TRIGGER_ENTITY=basic,1,                     ; --            ; --          ; auto_signaltap_0 ;
; SLD_NODE_PARAMETER_ASSIGNMENT       ; SLD_TRIGGER_LEVEL_PIPELINE=1                             ; --            ; --          ; auto_signaltap_0 ;
; SLD_NODE_PARAMETER_ASSIGNMENT       ; SLD_ENABLE_ADVANCED_TRIGGER=0                            ; --            ; --          ; auto_signaltap_0 ;
; USE_SIGNALTAP_FILE                  ; output_files/stp1.stp                                    ; --            ; --          ; --               ;
+-------------------------------------+----------------------------------------------------------+---------------+-------------+------------------+


+--------------------------------------------------------------------------------------------------------------------------+
; Flow Elapsed Time                                                                                                        ;
+----------------------+--------------+-------------------------+---------------------+------------------------------------+
; Module Name          ; Elapsed Time ; Average Processors Used ; Peak Virtual Memory ; Total CPU Time (on all processors) ;
+----------------------+--------------+-------------------------+---------------------+------------------------------------+
; Analysis & Synthesis ; 00:00:46     ; 1.0                     ; 4846 MB             ; 00:00:56                           ;
; Fitter               ; 00:00:08     ; 1.2                     ; 5565 MB             ; 00:00:09                           ;
; Assembler            ; 00:00:02     ; 1.0                     ; 4687 MB             ; 00:00:02                           ;
; Power Analyzer       ; 00:00:08     ; 1.1                     ; 4824 MB             ; 00:00:03                           ;
; Timing Analyzer      ; 00:00:07     ; 1.1                     ; 4783 MB             ; 00:00:04                           ;
; EDA Netlist Writer   ; 00:00:03     ; 1.0                     ; 4659 MB             ; 00:00:03                           ;
; Total                ; 00:01:14     ; --                      ; --                  ; 00:01:17                           ;
+----------------------+--------------+-------------------------+---------------------+------------------------------------+


+------------------------------------------------------------------------------------+
; Flow OS Summary                                                                    ;
+----------------------+------------------+------------+------------+----------------+
; Module Name          ; Machine Hostname ; OS Name    ; OS Version ; Processor type ;
+----------------------+------------------+------------+------------+----------------+
; Analysis & Synthesis ; Dell-belief      ; Windows 10 ; 10.0       ; x86_64         ;
; Fitter               ; Dell-belief      ; Windows 10 ; 10.0       ; x86_64         ;
; Assembler            ; Dell-belief      ; Windows 10 ; 10.0       ; x86_64         ;
; Power Analyzer       ; Dell-belief      ; Windows 10 ; 10.0       ; x86_64         ;
; Timing Analyzer      ; Dell-belief      ; Windows 10 ; 10.0       ; x86_64         ;
; EDA Netlist Writer   ; Dell-belief      ; Windows 10 ; 10.0       ; x86_64         ;
+----------------------+------------------+------------+------------+----------------+


------------
; Flow Log ;
------------
quartus_map --read_settings_files=on --write_settings_files=off backscatterv1 -c backscatterv1
quartus_fit --read_settings_files=off --write_settings_files=off backscatterv1 -c backscatterv1
quartus_asm --read_settings_files=off --write_settings_files=off backscatterv1 -c backscatterv1
quartus_pow --read_settings_files=off --write_settings_files=off backscatterv1 -c backscatterv1
quartus_sta backscatterv1 -c backscatterv1
quartus_eda --read_settings_files=off --write_settings_files=off backscatterv1 -c backscatterv1



